Ignore table LAQA1T2O as it contains unknown class Q2599457 in column 0
Ignore table 47AJEHAJ as it contains unknown class Q55873388 in column 0
Ignore table JHZOFFGX as it contains unknown class Q73492292 in column 0
Ignore table 18UWDIRR as it contains unknown class Q1969240 in column 0
Ignore table K73BNTSN as it contains unknown class Q1969240 in column 0
Ignore table S785XSZQ as it contains unknown class Q2599457 in column 0
Ignore table N4DJGTM2 as it contains unknown class Q236209 in column 1
Ignore table QBODZ815 as it contains unknown class Q73492292 in column 0
Ignore table DYST8CWU as it contains unknown class Q2599457 in column 0
Ignore table ZCIRD1TF as it contains unknown class Q17221353 in column 0
Ignore table CRTQRMEJ as it contains unknown class Q2599457 in column 0
Ignore table 0E034AA8 as it contains unknown class Q20572322 in column 0
Ignore table E7GY0ZZG as it contains unknown class Q17221353 in column 0
Ignore table 9JTLL852 as it contains unknown class Q236209 in column 1
Ignore table NOBVZ46S as it contains unknown property P134 from column 0 -> 2
Ignore table IQOTYJN4 as it contains unknown class Q236209 in column 2
Ignore table CR52H537 as it contains unknown class Q73492292 in column 0
Ignore table 507825XA as it contains unknown class Q2599457 in column 0
Ignore table 2ACWNJ83 as it contains unknown class Q2599457 in column 0
Ignore table FROC33PW as it contains unknown class Q17221353 in column 0
Ignore table CRFFUNUZ as it contains unknown class Q1969240 in column 0
Ignore table ZXUMXXRW as it contains unknown class Q11253501 in column 0
Ignore table J92I182W as it contains unknown class Q236209 in column 2
Ignore table 36TUBPAI as it contains unknown class Q17221353 in column 0
Ignore table 6EHTAWOS as it contains unknown class Q2599457 in column 0
Ignore table JP4CZCV6 as it contains unknown class Q17221353 in column 0
Ignore table TZCCOJVH as it contains unknown class Q2599457 in column 0
Ignore table RJY0O8C7 as it contains unknown class Q17221353 in column 0
Ignore table SRH9022R as it contains unknown class Q73492292 in column 0
Ignore table NLZ09CED as it contains unknown class Q26709961 in column 0
Ignore table 3SIEIJC2 as it contains unknown class Q55873388 in column 0
